DEBUG:urllib3.connectionpool:Starting new HTTPS connection (1): login.microsoftonline.com:443
DEBUG:urllib3.connectionpool:https://login.microsoftonline.com:443 "GET /30e49b93-c05c-4ea6-ab13-db51914b0e04/v2.0/.well-known/openid-configuration HTTP/1.1" 200 1651
DEBUG:msal.authority:openid_config = {'token_endpoint': 'https://login.microsoftonline.com/30e49b93-c05c-4ea6-ab13-db51914b0e04/oauth2/v2.0/token', 'token_endpoint_auth_methods_supported': ['client_secret_post', 'private_key_jwt', 'client_secret_basic'], 'jwks_uri': 'https://login.microsoftonline.com/30e49b93-c05c-4ea6-ab13-db51914b0e04/discovery/v2.0/keys', 'response_modes_supported': ['query', 'fragment', 'form_post'], 'subject_types_supported': ['pairwise'], 'id_token_signing_alg_values_supported': ['RS256'], 'response_types_supported': ['code', 'id_token', 'code id_token', 'id_token token'], 'scopes_supported': ['openid', 'profile', 'email', 'offline_access'], 'issuer': 'https://login.microsoftonline.com/30e49b93-c05c-4ea6-ab13-db51914b0e04/v2.0', 'request_uri_parameter_supported': False, 'userinfo_endpoint': 'https://graph.microsoft.com/oidc/userinfo', 'authorization_endpoint': 'https://login.microsoftonline.com/30e49b93-c05c-4ea6-ab13-db51914b0e04/oauth2/v2.0/authorize', 'device_authorization_endpoint': 'https://login.microsoftonline.com/30e49b93-c05c-4ea6-ab13-db51914b0e04/oauth2/v2.0/devicecode', 'http_logout_supported': True, 'frontchannel_logout_supported': True, 'end_session_endpoint': 'https://login.microsoftonline.com/30e49b93-c05c-4ea6-ab13-db51914b0e04/oauth2/v2.0/logout', 'claims_supported': ['sub', 'iss', 'cloud_instance_name', 'cloud_instance_host_name', 'cloud_graph_host_name', 'msgraph_host', 'aud', 'exp', 'iat', 'auth_time', 'acr', 'nonce', 'preferred_username', 'name', 'tid', 'ver', 'at_hash', 'c_hash', 'email'], 'tenant_region_scope': 'NA', 'cloud_instance_name': 'microsoftonline.com', 'cloud_graph_host_name': 'graph.windows.net', 'msgraph_host': 'graph.microsoft.com', 'rbac_url': 'https://pas.windows.net'}
DEBUG:msal.application:Found 0 RTs matching {'environment': 'login.microsoftonline.com', 'home_account_id': None, 'family_id': '1'}
DEBUG:msal.application:Found 0 RTs matching {'environment': 'login.microsoftonline.com', 'home_account_id': None, 'client_id': '79a56c46-7111-41a1-a207-d45dffc589e5'}
DEBUG:urllib3.connectionpool:https://login.microsoftonline.com:443 "GET /common/discovery/instance?api-version=1.1&authorization_endpoint=https://login.microsoftonline.com/common/oauth2/authorize HTTP/1.1" 200 945
INFO:root:No suitable token exists in cache. Let's get a new one from AAD.
DEBUG:urllib3.connectionpool:https://login.microsoftonline.com:443 "POST /30e49b93-c05c-4ea6-ab13-db51914b0e04/oauth2/v2.0/token HTTP/1.1" 200 1753
DEBUG:msal.token_cache:event={
    "client_id": "79a56c46-7111-41a1-a207-d45dffc589e5",
    "data": {
        "claims": null,
        "scope": [
            "https://graph.microsoft.com/.default"
        ]
    },
    "environment": "login.microsoftonline.com",
    "grant_type": "client_credentials",
    "params": null,
    "response": {
        "access_token": "********",
        "expires_in": 3598,
        "ext_expires_in": 3598,
        "token_type": "Bearer"
    },
    "scope": [
        "https://graph.microsoft.com/.default"
    ],
    "token_endpoint": "https://login.microsoftonline.com/30e49b93-c05c-4ea6-ab13-db51914b0e04/oauth2/v2.0/token"
}
DEBUG:urllib3.connectionpool:Starting new HTTPS connection (1): graph.microsoft.com:443
DEBUG:urllib3.connectionpool:https://graph.microsoft.com:443 "GET /beta/users/ HTTP/1.1" 200 1759
DEBUG:urllib3.connectionpool:Starting new HTTPS connection (1): graph.microsoft.com:443
DEBUG:urllib3.connectionpool:https://graph.microsoft.com:443 "GET /beta/users/e62ed98c-6fc0-480d-815b-2ed6a1455ea0/photo/$value HTTP/1.1" 200 101580
DEBUG:urllib3.connectionpool:Starting new HTTPS connection (1): graph.microsoft.com:443
DEBUG:urllib3.connectionpool:https://graph.microsoft.com:443 "GET /beta/users/d254eb8e-a679-4628-88e7-79f38715df29/photo/$value HTTP/1.1" 200 102368
DEBUG:urllib3.connectionpool:Starting new HTTPS connection (1): graph.microsoft.com:443
DEBUG:urllib3.connectionpool:https://graph.microsoft.com:443 "GET /beta/users/c2208200-4c55-4ecb-a63c-e1e65e06fda4/photo/$value HTTP/1.1" 200 101094
INFO:root:1609199244.610058 | root | 5 |     -1 | 0
INFO:root:1609199244.947614 | root | 5 |     0 | 0
INFO:root:1609199245.374036 | root | 25 |     0 | 1
INFO:root:1609199245.945208 | root | 25 |     1 | 1
INFO:root:1609199246.548368 | root | 25 |     0 | 1
INFO:root:1609199246.844256 | root | 25 |     1 | 1
INFO:root:1609199247.397347 | root | 25 |     0 | 1
INFO:root:1609199247.688797 | root | 25 |     1 | 1
INFO:root:1609199248.228951 | root | 25 |     0 | 1
INFO:root:1609199248.517688 | root | 25 |     1 | 1
INFO:root:1609199249.050504 | root | 25 |     0 | 1
INFO:root:1609199249.341084 | root | 25 |     1 | 1
INFO:root:1609199249.878012 | root | 25 |     0 | 1
INFO:root:1609199250.170348 | root | 25 |     1 | 1
INFO:root:1609199250.688737 | root | 25 |     0 | 1
INFO:root:1609199250.9615328 | root | 25 |     1 | 1
INFO:root:1609199251.49837 | root | 25 |     0 | 1
INFO:root:1609199251.79522 | root | 25 |     1 | 1
INFO:root:1609199252.3258271 | root | 25 |     0 | 1
INFO:root:1609199252.6245708 | root | 25 |     1 | 1
INFO:root:1609199253.151741 | root | 25 |     0 | 1
INFO:root:1609199253.433399 | root | 25 |     1 | 1
INFO:root:1609199253.961687 | root | 25 |     0 | 1
INFO:root:1609199254.2358668 | root | 25 |     1 | 1
INFO:root:1609199254.7955031 | root | 25 |     0 | 1
INFO:root:1609199255.0855 | root | 25 |     1 | 1
INFO:root:1609199255.620199 | root | 25 |     0 | 1
INFO:root:1609199255.8930292 | root | 25 |     1 | 1
INFO:root:1609199256.443059 | root | 25 |     0 | 1
INFO:root:1609199256.722263 | root | 25 |     1 | 1
INFO:root:1609199257.2413461 | root | 25 |     0 | 1
INFO:root:1609199257.542586 | root | 25 |     1 | 1
INFO:root:1609199258.064099 | root | 25 |     0 | 1
INFO:root:1609199258.335941 | root | 25 |     1 | 1
INFO:root:1609199258.8998332 | root | 25 |     0 | 1
INFO:root:1609199259.185492 | root | 25 |     1 | 1
INFO:root:1609199259.7156339 | root | 25 |     0 | 1
INFO:root:1609199259.993079 | root | 25 |     1 | 1
INFO:root:1609199260.548316 | root | 25 |     0 | 1
INFO:root:1609199260.8446321 | root | 25 |     1 | 1
INFO:root:1609199261.3790479 | root | 25 |     0 | 1
INFO:root:1609199261.703582 | root | 25 |     1 | 1
INFO:root:1609199262.242558 | root | 25 |     0 | 1
INFO:root:1609199262.534776 | root | 25 |     1 | 1
INFO:root:1609199263.0583732 | root | 25 |     0 | 1
INFO:root:1609199263.3607712 | root | 25 |     1 | 1
INFO:root:1609199263.9413178 | root | 25 |     0 | 1
INFO:root:1609199264.2519732 | root | 25 |     1 | 1
INFO:root:1609199264.834213 | root | 25 |     0 | 1
INFO:root:1609199265.108437 | root | 25 |     1 | 1
INFO:root:1609199265.657247 | root | 25 |     0 | 1
INFO:root:1609199265.844309 | root | 25 |     1 | 1
INFO:root:1609199266.371279 | root | 25 |     0 | 1
INFO:root:1609199266.6589172 | root | 25 |     1 | 1
INFO:root:1609199267.26689 | root | 25 |     0 | 1
INFO:root:1609199267.61642 | root | 25 |     1 | 1
INFO:root:1609199268.1835551 | root | 25 |     0 | 1
INFO:root:1609199268.489054 | root | 25 |     1 | 1
INFO:root:1609199269.070914 | root | 25 |     0 | 1
INFO:root:1609199269.356788 | root | 25 |     1 | 1
INFO:root:1609199269.927986 | root | 25 |     0 | 1
INFO:root:1609199270.214099 | root | 25 |     1 | 1
INFO:root:1609199270.787889 | root | 25 |     0 | 1
INFO:root:1609199271.078754 | root | 25 |     1 | 1
INFO:root:1609199271.661511 | root | 25 |     0 | 1
INFO:root:1609199271.9605079 | root | 25 |     1 | 1
INFO:root:1609199272.5081248 | root | 25 |     0 | 1
INFO:root:1609199272.800113 | root | 25 |     1 | 1
INFO:root:1609199273.3773649 | root | 25 |     0 | 1
DEBUG:urllib3.connectionpool:Starting new HTTPS connection (1): login.microsoftonline.com:443
DEBUG:urllib3.connectionpool:https://login.microsoftonline.com:443 "GET /30e49b93-c05c-4ea6-ab13-db51914b0e04/v2.0/.well-known/openid-configuration HTTP/1.1" 200 1651
DEBUG:msal.authority:openid_config = {'token_endpoint': 'https://login.microsoftonline.com/30e49b93-c05c-4ea6-ab13-db51914b0e04/oauth2/v2.0/token', 'token_endpoint_auth_methods_supported': ['client_secret_post', 'private_key_jwt', 'client_secret_basic'], 'jwks_uri': 'https://login.microsoftonline.com/30e49b93-c05c-4ea6-ab13-db51914b0e04/discovery/v2.0/keys', 'response_modes_supported': ['query', 'fragment', 'form_post'], 'subject_types_supported': ['pairwise'], 'id_token_signing_alg_values_supported': ['RS256'], 'response_types_supported': ['code', 'id_token', 'code id_token', 'id_token token'], 'scopes_supported': ['openid', 'profile', 'email', 'offline_access'], 'issuer': 'https://login.microsoftonline.com/30e49b93-c05c-4ea6-ab13-db51914b0e04/v2.0', 'request_uri_parameter_supported': False, 'userinfo_endpoint': 'https://graph.microsoft.com/oidc/userinfo', 'authorization_endpoint': 'https://login.microsoftonline.com/30e49b93-c05c-4ea6-ab13-db51914b0e04/oauth2/v2.0/authorize', 'device_authorization_endpoint': 'https://login.microsoftonline.com/30e49b93-c05c-4ea6-ab13-db51914b0e04/oauth2/v2.0/devicecode', 'http_logout_supported': True, 'frontchannel_logout_supported': True, 'end_session_endpoint': 'https://login.microsoftonline.com/30e49b93-c05c-4ea6-ab13-db51914b0e04/oauth2/v2.0/logout', 'claims_supported': ['sub', 'iss', 'cloud_instance_name', 'cloud_instance_host_name', 'cloud_graph_host_name', 'msgraph_host', 'aud', 'exp', 'iat', 'auth_time', 'acr', 'nonce', 'preferred_username', 'name', 'tid', 'ver', 'at_hash', 'c_hash', 'email'], 'tenant_region_scope': 'NA', 'cloud_instance_name': 'microsoftonline.com', 'cloud_graph_host_name': 'graph.windows.net', 'msgraph_host': 'graph.microsoft.com', 'rbac_url': 'https://pas.windows.net'}
DEBUG:msal.application:Found 0 RTs matching {'environment': 'login.microsoftonline.com', 'home_account_id': None, 'family_id': '1'}
DEBUG:msal.application:Found 0 RTs matching {'environment': 'login.microsoftonline.com', 'home_account_id': None, 'client_id': '79a56c46-7111-41a1-a207-d45dffc589e5'}
DEBUG:urllib3.connectionpool:https://login.microsoftonline.com:443 "GET /common/discovery/instance?api-version=1.1&authorization_endpoint=https://login.microsoftonline.com/common/oauth2/authorize HTTP/1.1" 200 945
INFO:root:No suitable token exists in cache. Let's get a new one from AAD.
DEBUG:urllib3.connectionpool:https://login.microsoftonline.com:443 "POST /30e49b93-c05c-4ea6-ab13-db51914b0e04/oauth2/v2.0/token HTTP/1.1" 200 1753
DEBUG:msal.token_cache:event={
    "client_id": "79a56c46-7111-41a1-a207-d45dffc589e5",
    "data": {
        "claims": null,
        "scope": [
            "https://graph.microsoft.com/.default"
        ]
    },
    "environment": "login.microsoftonline.com",
    "grant_type": "client_credentials",
    "params": null,
    "response": {
        "access_token": "********",
        "expires_in": 3597,
        "ext_expires_in": 3597,
        "token_type": "Bearer"
    },
    "scope": [
        "https://graph.microsoft.com/.default"
    ],
    "token_endpoint": "https://login.microsoftonline.com/30e49b93-c05c-4ea6-ab13-db51914b0e04/oauth2/v2.0/token"
}
DEBUG:urllib3.connectionpool:Starting new HTTPS connection (1): graph.microsoft.com:443
DEBUG:urllib3.connectionpool:https://graph.microsoft.com:443 "GET /beta/users/ HTTP/1.1" 200 1759
DEBUG:urllib3.connectionpool:Starting new HTTPS connection (1): graph.microsoft.com:443
DEBUG:urllib3.connectionpool:https://graph.microsoft.com:443 "GET /beta/users/e62ed98c-6fc0-480d-815b-2ed6a1455ea0/photo/$value HTTP/1.1" 200 101580
DEBUG:urllib3.connectionpool:Starting new HTTPS connection (1): graph.microsoft.com:443
DEBUG:urllib3.connectionpool:https://graph.microsoft.com:443 "GET /beta/users/d254eb8e-a679-4628-88e7-79f38715df29/photo/$value HTTP/1.1" 200 102368
DEBUG:urllib3.connectionpool:Starting new HTTPS connection (1): graph.microsoft.com:443
DEBUG:urllib3.connectionpool:https://graph.microsoft.com:443 "GET /beta/users/c2208200-4c55-4ecb-a63c-e1e65e06fda4/photo/$value HTTP/1.1" 200 101094
INFO:root:1609199358.911544 | root | 5 |     -1 | 0
INFO:root:1609199359.21357 | root | 5 |     0 | 0
INFO:root:1609199359.646966 | root | 25 |     0 | 1
INFO:root:1609199359.99038 | root | 25 |     1 | 1
INFO:root:1609199360.540766 | root | 25 |     0 | 1
INFO:root:1609199360.826595 | root | 25 |     1 | 1
INFO:root:1609199361.336823 | root | 25 |     0 | 1
INFO:root:1609199361.622389 | root | 25 |     1 | 1
INFO:root:1609199362.160341 | root | 25 |     0 | 1
INFO:root:1609199362.434747 | root | 25 |     1 | 1
INFO:root:1609199362.940334 | root | 25 |     0 | 1
INFO:root:1609199363.1980789 | root | 25 |     1 | 1
INFO:root:1609199363.665895 | root | 25 |     0 | 1
INFO:root:1609199363.962594 | root | 25 |     1 | 1
INFO:root:1609199364.4554722 | root | 25 |     0 | 1
INFO:root:1609199364.7499578 | root | 25 |     1 | 1
INFO:root:1609199365.249541 | root | 25 |     0 | 1
INFO:root:1609199365.501749 | root | 25 |     1 | 1
INFO:root:1609199365.990655 | root | 15 |     0 | 1
INFO:root:1609199366.1578538 | root | 15 |     1 | 1
INFO:root:1609199366.691287 | root | 25 |     0 | 1
INFO:root:1609199366.998415 | root | 25 |     1 | 1
INFO:root:1609199367.523679 | root | 25 |     0 | 1
INFO:root:1609199367.815424 | root | 25 |     1 | 1
INFO:root:1609199368.292186 | root | 25 |     0 | 1
DEBUG:urllib3.connectionpool:Starting new HTTPS connection (1): login.microsoftonline.com:443
DEBUG:urllib3.connectionpool:https://login.microsoftonline.com:443 "GET /30e49b93-c05c-4ea6-ab13-db51914b0e04/v2.0/.well-known/openid-configuration HTTP/1.1" 200 1651
DEBUG:msal.authority:openid_config = {'token_endpoint': 'https://login.microsoftonline.com/30e49b93-c05c-4ea6-ab13-db51914b0e04/oauth2/v2.0/token', 'token_endpoint_auth_methods_supported': ['client_secret_post', 'private_key_jwt', 'client_secret_basic'], 'jwks_uri': 'https://login.microsoftonline.com/30e49b93-c05c-4ea6-ab13-db51914b0e04/discovery/v2.0/keys', 'response_modes_supported': ['query', 'fragment', 'form_post'], 'subject_types_supported': ['pairwise'], 'id_token_signing_alg_values_supported': ['RS256'], 'response_types_supported': ['code', 'id_token', 'code id_token', 'id_token token'], 'scopes_supported': ['openid', 'profile', 'email', 'offline_access'], 'issuer': 'https://login.microsoftonline.com/30e49b93-c05c-4ea6-ab13-db51914b0e04/v2.0', 'request_uri_parameter_supported': False, 'userinfo_endpoint': 'https://graph.microsoft.com/oidc/userinfo', 'authorization_endpoint': 'https://login.microsoftonline.com/30e49b93-c05c-4ea6-ab13-db51914b0e04/oauth2/v2.0/authorize', 'device_authorization_endpoint': 'https://login.microsoftonline.com/30e49b93-c05c-4ea6-ab13-db51914b0e04/oauth2/v2.0/devicecode', 'http_logout_supported': True, 'frontchannel_logout_supported': True, 'end_session_endpoint': 'https://login.microsoftonline.com/30e49b93-c05c-4ea6-ab13-db51914b0e04/oauth2/v2.0/logout', 'claims_supported': ['sub', 'iss', 'cloud_instance_name', 'cloud_instance_host_name', 'cloud_graph_host_name', 'msgraph_host', 'aud', 'exp', 'iat', 'auth_time', 'acr', 'nonce', 'preferred_username', 'name', 'tid', 'ver', 'at_hash', 'c_hash', 'email'], 'tenant_region_scope': 'NA', 'cloud_instance_name': 'microsoftonline.com', 'cloud_graph_host_name': 'graph.windows.net', 'msgraph_host': 'graph.microsoft.com', 'rbac_url': 'https://pas.windows.net'}
DEBUG:msal.application:Found 0 RTs matching {'environment': 'login.microsoftonline.com', 'home_account_id': None, 'family_id': '1'}
DEBUG:msal.application:Found 0 RTs matching {'environment': 'login.microsoftonline.com', 'home_account_id': None, 'client_id': '79a56c46-7111-41a1-a207-d45dffc589e5'}
DEBUG:urllib3.connectionpool:https://login.microsoftonline.com:443 "GET /common/discovery/instance?api-version=1.1&authorization_endpoint=https://login.microsoftonline.com/common/oauth2/authorize HTTP/1.1" 200 945
INFO:root:No suitable token exists in cache. Let's get a new one from AAD.
DEBUG:urllib3.connectionpool:https://login.microsoftonline.com:443 "POST /30e49b93-c05c-4ea6-ab13-db51914b0e04/oauth2/v2.0/token HTTP/1.1" 200 1753
DEBUG:msal.token_cache:event={
    "client_id": "79a56c46-7111-41a1-a207-d45dffc589e5",
    "data": {
        "claims": null,
        "scope": [
            "https://graph.microsoft.com/.default"
        ]
    },
    "environment": "login.microsoftonline.com",
    "grant_type": "client_credentials",
    "params": null,
    "response": {
        "access_token": "********",
        "expires_in": 3598,
        "ext_expires_in": 3598,
        "token_type": "Bearer"
    },
    "scope": [
        "https://graph.microsoft.com/.default"
    ],
    "token_endpoint": "https://login.microsoftonline.com/30e49b93-c05c-4ea6-ab13-db51914b0e04/oauth2/v2.0/token"
}
DEBUG:urllib3.connectionpool:Starting new HTTPS connection (1): graph.microsoft.com:443
DEBUG:urllib3.connectionpool:https://graph.microsoft.com:443 "GET /beta/users/ HTTP/1.1" 200 1759
DEBUG:urllib3.connectionpool:Starting new HTTPS connection (1): graph.microsoft.com:443
DEBUG:urllib3.connectionpool:https://graph.microsoft.com:443 "GET /beta/users/e62ed98c-6fc0-480d-815b-2ed6a1455ea0/photo/$value HTTP/1.1" 200 101580
DEBUG:urllib3.connectionpool:Starting new HTTPS connection (1): graph.microsoft.com:443
DEBUG:urllib3.connectionpool:https://graph.microsoft.com:443 "GET /beta/users/d254eb8e-a679-4628-88e7-79f38715df29/photo/$value HTTP/1.1" 200 102368
DEBUG:urllib3.connectionpool:Starting new HTTPS connection (1): graph.microsoft.com:443
DEBUG:urllib3.connectionpool:https://graph.microsoft.com:443 "GET /beta/users/c2208200-4c55-4ecb-a63c-e1e65e06fda4/photo/$value HTTP/1.1" 200 101094
INFO:root:1609199540.1582289 | <FileStorage: 'username' (None)> | 5 |     -1 | 0
INFO:root:1609199540.4517279 | <FileStorage: 'username' (None)> | 5 |     0 | 0
INFO:root:1609199540.889302 | <FileStorage: 'username' (None)> | 25 |     0 | 1
INFO:root:1609199541.180626 | <FileStorage: 'username' (None)> | 25 |     1 | 1
INFO:root:1609199541.762433 | <FileStorage: 'username' (None)> | 25 |     0 | 1
INFO:root:1609199542.069399 | <FileStorage: 'username' (None)> | 25 |     1 | 1
INFO:root:1609199542.640085 | <FileStorage: 'username' (None)> | 25 |     0 | 1
INFO:root:1609199542.960858 | <FileStorage: 'username' (None)> | 25 |     1 | 1
INFO:root:1609199543.5590231 | <FileStorage: 'username' (None)> | 25 |     0 | 1
INFO:root:1609199543.859926 | <FileStorage: 'username' (None)> | 25 |     1 | 1
INFO:root:1609199544.4230971 | <FileStorage: 'username' (None)> | 25 |     0 | 1
INFO:root:1609199544.73021 | <FileStorage: 'username' (None)> | 25 |     1 | 1
INFO:root:1609199545.292712 | <FileStorage: 'username' (None)> | 25 |     0 | 1
INFO:root:1609199545.621382 | <FileStorage: 'username' (None)> | 25 |     1 | 1
INFO:root:1609199546.246228 | <FileStorage: 'username' (None)> | 25 |     0 | 1
INFO:root:1609199546.5448818 | <FileStorage: 'username' (None)> | 25 |     1 | 1
DEBUG:urllib3.connectionpool:Starting new HTTPS connection (1): login.microsoftonline.com:443
DEBUG:urllib3.connectionpool:https://login.microsoftonline.com:443 "GET /30e49b93-c05c-4ea6-ab13-db51914b0e04/v2.0/.well-known/openid-configuration HTTP/1.1" 200 1651
DEBUG:msal.authority:openid_config = {'token_endpoint': 'https://login.microsoftonline.com/30e49b93-c05c-4ea6-ab13-db51914b0e04/oauth2/v2.0/token', 'token_endpoint_auth_methods_supported': ['client_secret_post', 'private_key_jwt', 'client_secret_basic'], 'jwks_uri': 'https://login.microsoftonline.com/30e49b93-c05c-4ea6-ab13-db51914b0e04/discovery/v2.0/keys', 'response_modes_supported': ['query', 'fragment', 'form_post'], 'subject_types_supported': ['pairwise'], 'id_token_signing_alg_values_supported': ['RS256'], 'response_types_supported': ['code', 'id_token', 'code id_token', 'id_token token'], 'scopes_supported': ['openid', 'profile', 'email', 'offline_access'], 'issuer': 'https://login.microsoftonline.com/30e49b93-c05c-4ea6-ab13-db51914b0e04/v2.0', 'request_uri_parameter_supported': False, 'userinfo_endpoint': 'https://graph.microsoft.com/oidc/userinfo', 'authorization_endpoint': 'https://login.microsoftonline.com/30e49b93-c05c-4ea6-ab13-db51914b0e04/oauth2/v2.0/authorize', 'device_authorization_endpoint': 'https://login.microsoftonline.com/30e49b93-c05c-4ea6-ab13-db51914b0e04/oauth2/v2.0/devicecode', 'http_logout_supported': True, 'frontchannel_logout_supported': True, 'end_session_endpoint': 'https://login.microsoftonline.com/30e49b93-c05c-4ea6-ab13-db51914b0e04/oauth2/v2.0/logout', 'claims_supported': ['sub', 'iss', 'cloud_instance_name', 'cloud_instance_host_name', 'cloud_graph_host_name', 'msgraph_host', 'aud', 'exp', 'iat', 'auth_time', 'acr', 'nonce', 'preferred_username', 'name', 'tid', 'ver', 'at_hash', 'c_hash', 'email'], 'tenant_region_scope': 'NA', 'cloud_instance_name': 'microsoftonline.com', 'cloud_graph_host_name': 'graph.windows.net', 'msgraph_host': 'graph.microsoft.com', 'rbac_url': 'https://pas.windows.net'}
DEBUG:msal.application:Found 0 RTs matching {'environment': 'login.microsoftonline.com', 'home_account_id': None, 'family_id': '1'}
DEBUG:msal.application:Found 0 RTs matching {'environment': 'login.microsoftonline.com', 'home_account_id': None, 'client_id': '79a56c46-7111-41a1-a207-d45dffc589e5'}
DEBUG:urllib3.connectionpool:https://login.microsoftonline.com:443 "GET /common/discovery/instance?api-version=1.1&authorization_endpoint=https://login.microsoftonline.com/common/oauth2/authorize HTTP/1.1" 200 945
INFO:root:No suitable token exists in cache. Let's get a new one from AAD.
DEBUG:urllib3.connectionpool:https://login.microsoftonline.com:443 "POST /30e49b93-c05c-4ea6-ab13-db51914b0e04/oauth2/v2.0/token HTTP/1.1" 200 1753
DEBUG:msal.token_cache:event={
    "client_id": "79a56c46-7111-41a1-a207-d45dffc589e5",
    "data": {
        "claims": null,
        "scope": [
            "https://graph.microsoft.com/.default"
        ]
    },
    "environment": "login.microsoftonline.com",
    "grant_type": "client_credentials",
    "params": null,
    "response": {
        "access_token": "********",
        "expires_in": 3598,
        "ext_expires_in": 3598,
        "token_type": "Bearer"
    },
    "scope": [
        "https://graph.microsoft.com/.default"
    ],
    "token_endpoint": "https://login.microsoftonline.com/30e49b93-c05c-4ea6-ab13-db51914b0e04/oauth2/v2.0/token"
}
DEBUG:urllib3.connectionpool:Starting new HTTPS connection (1): graph.microsoft.com:443
DEBUG:urllib3.connectionpool:https://graph.microsoft.com:443 "GET /beta/users/ HTTP/1.1" 200 1759
DEBUG:urllib3.connectionpool:Starting new HTTPS connection (1): graph.microsoft.com:443
DEBUG:urllib3.connectionpool:https://graph.microsoft.com:443 "GET /beta/users/e62ed98c-6fc0-480d-815b-2ed6a1455ea0/photo/$value HTTP/1.1" 200 101580
DEBUG:urllib3.connectionpool:Starting new HTTPS connection (1): graph.microsoft.com:443
DEBUG:urllib3.connectionpool:https://graph.microsoft.com:443 "GET /beta/users/d254eb8e-a679-4628-88e7-79f38715df29/photo/$value HTTP/1.1" 200 102368
DEBUG:urllib3.connectionpool:Starting new HTTPS connection (1): graph.microsoft.com:443
DEBUG:urllib3.connectionpool:https://graph.microsoft.com:443 "GET /beta/users/c2208200-4c55-4ecb-a63c-e1e65e06fda4/photo/$value HTTP/1.1" 200 101094
INFO:root:1609199761.1899 | b'ahmadchaiban' | 5 |     1 | 0
INFO:root:1609199761.436951 | b'ahmadchaiban' | 5 |     0 | 0
INFO:root:1609199761.911498 | b'ahmadchaiban' | 25 |     0 | 1
INFO:root:1609199762.336759 | b'ahmadchaiban' | 25 |     1 | 1
INFO:root:1609199762.9085639 | b'ahmadchaiban' | 25 |     0 | 1
INFO:root:1609199763.194926 | b'ahmadchaiban' | 25 |     1 | 1
INFO:root:1609199763.75761 | b'ahmadchaiban' | 25 |     0 | 1
INFO:root:1609199764.076242 | b'ahmadchaiban' | 25 |     1 | 1
INFO:root:1609199764.590791 | b'ahmadchaiban' | 25 |     0 | 1
INFO:root:1609199764.909007 | b'ahmadchaiban' | 25 |     1 | 1
INFO:root:1609199765.41587 | b'ahmadchaiban' | 25 |     0 | 1
INFO:root:1609199765.69607 | b'ahmadchaiban' | 25 |     1 | 1
INFO:root:1609199766.203718 | b'ahmadchaiban' | 25 |     0 | 1
INFO:root:1609199766.462286 | b'ahmadchaiban' | 25 |     1 | 1
INFO:root:1609199766.9561212 | b'ahmadchaiban' | 25 |     0 | 1
INFO:root:1609199767.214366 | b'ahmadchaiban' | 25 |     1 | 1
INFO:root:1609199767.723777 | b'ahmadchaiban' | 25 |     0 | 1
INFO:root:1609199768.008095 | b'ahmadchaiban' | 25 |     1 | 1
INFO:root:1609199768.526859 | b'ahmadchaiban' | 25 |     0 | 1
INFO:root:1609199768.85466 | b'ahmadchaiban' | 25 |     1 | 1
INFO:root:1609199769.386535 | b'ahmadchaiban' | 25 |     0 | 1
INFO:root:1609199769.648087 | b'ahmadchaiban' | 25 |     1 | 1
INFO:root:1609199770.15979 | b'ahmadchaiban' | 25 |     0 | 1
INFO:root:1609199770.4524858 | b'ahmadchaiban' | 25 |     1 | 1
DEBUG:urllib3.connectionpool:Starting new HTTPS connection (1): login.microsoftonline.com:443
DEBUG:urllib3.connectionpool:https://login.microsoftonline.com:443 "GET /30e49b93-c05c-4ea6-ab13-db51914b0e04/v2.0/.well-known/openid-configuration HTTP/1.1" 200 1651
DEBUG:msal.authority:openid_config = {'token_endpoint': 'https://login.microsoftonline.com/30e49b93-c05c-4ea6-ab13-db51914b0e04/oauth2/v2.0/token', 'token_endpoint_auth_methods_supported': ['client_secret_post', 'private_key_jwt', 'client_secret_basic'], 'jwks_uri': 'https://login.microsoftonline.com/30e49b93-c05c-4ea6-ab13-db51914b0e04/discovery/v2.0/keys', 'response_modes_supported': ['query', 'fragment', 'form_post'], 'subject_types_supported': ['pairwise'], 'id_token_signing_alg_values_supported': ['RS256'], 'response_types_supported': ['code', 'id_token', 'code id_token', 'id_token token'], 'scopes_supported': ['openid', 'profile', 'email', 'offline_access'], 'issuer': 'https://login.microsoftonline.com/30e49b93-c05c-4ea6-ab13-db51914b0e04/v2.0', 'request_uri_parameter_supported': False, 'userinfo_endpoint': 'https://graph.microsoft.com/oidc/userinfo', 'authorization_endpoint': 'https://login.microsoftonline.com/30e49b93-c05c-4ea6-ab13-db51914b0e04/oauth2/v2.0/authorize', 'device_authorization_endpoint': 'https://login.microsoftonline.com/30e49b93-c05c-4ea6-ab13-db51914b0e04/oauth2/v2.0/devicecode', 'http_logout_supported': True, 'frontchannel_logout_supported': True, 'end_session_endpoint': 'https://login.microsoftonline.com/30e49b93-c05c-4ea6-ab13-db51914b0e04/oauth2/v2.0/logout', 'claims_supported': ['sub', 'iss', 'cloud_instance_name', 'cloud_instance_host_name', 'cloud_graph_host_name', 'msgraph_host', 'aud', 'exp', 'iat', 'auth_time', 'acr', 'nonce', 'preferred_username', 'name', 'tid', 'ver', 'at_hash', 'c_hash', 'email'], 'tenant_region_scope': 'NA', 'cloud_instance_name': 'microsoftonline.com', 'cloud_graph_host_name': 'graph.windows.net', 'msgraph_host': 'graph.microsoft.com', 'rbac_url': 'https://pas.windows.net'}
DEBUG:msal.application:Found 0 RTs matching {'environment': 'login.microsoftonline.com', 'home_account_id': None, 'family_id': '1'}
DEBUG:msal.application:Found 0 RTs matching {'environment': 'login.microsoftonline.com', 'home_account_id': None, 'client_id': '79a56c46-7111-41a1-a207-d45dffc589e5'}
DEBUG:urllib3.connectionpool:https://login.microsoftonline.com:443 "GET /common/discovery/instance?api-version=1.1&authorization_endpoint=https://login.microsoftonline.com/common/oauth2/authorize HTTP/1.1" 200 945
INFO:root:No suitable token exists in cache. Let's get a new one from AAD.
DEBUG:urllib3.connectionpool:https://login.microsoftonline.com:443 "POST /30e49b93-c05c-4ea6-ab13-db51914b0e04/oauth2/v2.0/token HTTP/1.1" 200 1753
DEBUG:msal.token_cache:event={
    "client_id": "79a56c46-7111-41a1-a207-d45dffc589e5",
    "data": {
        "claims": null,
        "scope": [
            "https://graph.microsoft.com/.default"
        ]
    },
    "environment": "login.microsoftonline.com",
    "grant_type": "client_credentials",
    "params": null,
    "response": {
        "access_token": "********",
        "expires_in": 3597,
        "ext_expires_in": 3597,
        "token_type": "Bearer"
    },
    "scope": [
        "https://graph.microsoft.com/.default"
    ],
    "token_endpoint": "https://login.microsoftonline.com/30e49b93-c05c-4ea6-ab13-db51914b0e04/oauth2/v2.0/token"
}
DEBUG:urllib3.connectionpool:Starting new HTTPS connection (1): graph.microsoft.com:443
DEBUG:urllib3.connectionpool:https://graph.microsoft.com:443 "GET /beta/users/ HTTP/1.1" 200 1759
DEBUG:urllib3.connectionpool:Starting new HTTPS connection (1): graph.microsoft.com:443
DEBUG:urllib3.connectionpool:https://graph.microsoft.com:443 "GET /beta/users/e62ed98c-6fc0-480d-815b-2ed6a1455ea0/photo/$value HTTP/1.1" 200 101580
DEBUG:urllib3.connectionpool:Starting new HTTPS connection (1): graph.microsoft.com:443
DEBUG:urllib3.connectionpool:https://graph.microsoft.com:443 "GET /beta/users/d254eb8e-a679-4628-88e7-79f38715df29/photo/$value HTTP/1.1" 200 102368
DEBUG:urllib3.connectionpool:Starting new HTTPS connection (1): graph.microsoft.com:443
DEBUG:urllib3.connectionpool:https://graph.microsoft.com:443 "GET /beta/users/c2208200-4c55-4ecb-a63c-e1e65e06fda4/photo/$value HTTP/1.1" 200 101094
INFO:root:1609200273.406956 | b'ahmadchaiban' | 0 |     0 | 0
INFO:root:1609200273.5816 | b'ahmadchaiban' | 0 |     0 | 0
INFO:root:1609200273.9726238 | b'ahmadchaiban' | 25 |     0 | 1
INFO:root:1609200274.465054 | b'ahmadchaiban' | 25 |     1 | 1
INFO:root:1609200274.9683032 | b'ahmadchaiban' | 25 |     0 | 1
INFO:root:1609200275.2592268 | b'ahmadchaiban' | 25 |     1 | 1
INFO:root:1609200275.738761 | b'ahmadchaiban' | 15 |     0 | 1
INFO:root:1609200275.993276 | b'ahmadchaiban' | 15 |     1 | 1
INFO:root:1609200276.592034 | b'ahmadchaiban' | 25 |     0 | 1
INFO:root:1609200276.914526 | b'ahmadchaiban' | 25 |     1 | 1
INFO:root:1609200277.415458 | b'ahmadchaiban' | 25 |     0 | 1
INFO:root:1609200277.696971 | b'ahmadchaiban' | 25 |     1 | 1
INFO:root:1609200278.2039309 | b'ahmadchaiban' | 25 |     0 | 1
INFO:root:1609200278.4940648 | b'ahmadchaiban' | 25 |     1 | 1
INFO:root:1609200278.996934 | b'ahmadchaiban' | 25 |     0 | 1
INFO:root:1609200279.287711 | b'ahmadchaiban' | 25 |     1 | 1
INFO:root:1609200279.7799108 | b'ahmadchaiban' | 25 |     0 | 1
INFO:root:1609200280.0816581 | b'ahmadchaiban' | 25 |     1 | 1
INFO:root:1609200280.578583 | b'ahmadchaiban' | 25 |     0 | 1
INFO:root:1609200280.859516 | b'ahmadchaiban' | 25 |     1 | 1
INFO:root:1609200281.3814662 | b'ahmadchaiban' | 25 |     0 | 1
INFO:root:1609200281.654058 | b'ahmadchaiban' | 25 |     1 | 1
INFO:root:1609200282.1660302 | b'ahmadchaiban' | 25 |     0 | 1
INFO:root:1609200282.4489129 | b'ahmadchaiban' | 25 |     1 | 1
INFO:root:1609200282.969459 | b'ahmadchaiban' | 25 |     0 | 1
INFO:root:1609200283.231061 | b'ahmadchaiban' | 25 |     1 | 1
INFO:root:1609200283.7162309 | b'ahmadchaiban' | 25 |     0 | 1
INFO:root:1609200283.9709702 | b'ahmadchaiban' | 25 |     1 | 1
INFO:root:1609200284.481796 | b'ahmadchaiban' | 25 |     0 | 1
INFO:root:1609200284.761468 | b'ahmadchaiban' | 25 |     1 | 1
INFO:root:1609200285.339282 | b'ahmadchaiban' | 25 |     0 | 1
INFO:root:1609200285.6223218 | b'ahmadchaiban' | 25 |     1 | 1
INFO:root:1609200286.123591 | b'ahmadchaiban' | 25 |     0 | 1
INFO:root:1609200286.408661 | b'ahmadchaiban' | 25 |     1 | 1
INFO:root:1609200286.957908 | b'ahmadchaiban' | 25 |     0 | 1
INFO:root:1609200287.233941 | b'ahmadchaiban' | 25 |     1 | 1
INFO:root:1609200287.6149278 | b'ahmadchaiban' | 15 |     0 | 1
INFO:root:1609200287.7520268 | b'ahmadchaiban' | 15 |     1 | 1
INFO:root:1609200288.144505 | b'ahmadchaiban' | 15 |     0 | 1
INFO:root:1609200288.278226 | b'ahmadchaiban' | 15 |     1 | 1
INFO:root:1609200288.639874 | b'ahmadchaiban' | 15 |     0 | 1
INFO:root:1609200288.7783859 | b'ahmadchaiban' | 15 |     1 | 1
DEBUG:urllib3.connectionpool:Starting new HTTPS connection (1): login.microsoftonline.com:443
DEBUG:urllib3.connectionpool:https://login.microsoftonline.com:443 "GET /30e49b93-c05c-4ea6-ab13-db51914b0e04/v2.0/.well-known/openid-configuration HTTP/1.1" 200 1651
DEBUG:msal.authority:openid_config = {'token_endpoint': 'https://login.microsoftonline.com/30e49b93-c05c-4ea6-ab13-db51914b0e04/oauth2/v2.0/token', 'token_endpoint_auth_methods_supported': ['client_secret_post', 'private_key_jwt', 'client_secret_basic'], 'jwks_uri': 'https://login.microsoftonline.com/30e49b93-c05c-4ea6-ab13-db51914b0e04/discovery/v2.0/keys', 'response_modes_supported': ['query', 'fragment', 'form_post'], 'subject_types_supported': ['pairwise'], 'id_token_signing_alg_values_supported': ['RS256'], 'response_types_supported': ['code', 'id_token', 'code id_token', 'id_token token'], 'scopes_supported': ['openid', 'profile', 'email', 'offline_access'], 'issuer': 'https://login.microsoftonline.com/30e49b93-c05c-4ea6-ab13-db51914b0e04/v2.0', 'request_uri_parameter_supported': False, 'userinfo_endpoint': 'https://graph.microsoft.com/oidc/userinfo', 'authorization_endpoint': 'https://login.microsoftonline.com/30e49b93-c05c-4ea6-ab13-db51914b0e04/oauth2/v2.0/authorize', 'device_authorization_endpoint': 'https://login.microsoftonline.com/30e49b93-c05c-4ea6-ab13-db51914b0e04/oauth2/v2.0/devicecode', 'http_logout_supported': True, 'frontchannel_logout_supported': True, 'end_session_endpoint': 'https://login.microsoftonline.com/30e49b93-c05c-4ea6-ab13-db51914b0e04/oauth2/v2.0/logout', 'claims_supported': ['sub', 'iss', 'cloud_instance_name', 'cloud_instance_host_name', 'cloud_graph_host_name', 'msgraph_host', 'aud', 'exp', 'iat', 'auth_time', 'acr', 'nonce', 'preferred_username', 'name', 'tid', 'ver', 'at_hash', 'c_hash', 'email'], 'tenant_region_scope': 'NA', 'cloud_instance_name': 'microsoftonline.com', 'cloud_graph_host_name': 'graph.windows.net', 'msgraph_host': 'graph.microsoft.com', 'rbac_url': 'https://pas.windows.net'}
DEBUG:msal.application:Found 0 RTs matching {'environment': 'login.microsoftonline.com', 'home_account_id': None, 'family_id': '1'}
DEBUG:msal.application:Found 0 RTs matching {'environment': 'login.microsoftonline.com', 'home_account_id': None, 'client_id': '79a56c46-7111-41a1-a207-d45dffc589e5'}
DEBUG:urllib3.connectionpool:https://login.microsoftonline.com:443 "GET /common/discovery/instance?api-version=1.1&authorization_endpoint=https://login.microsoftonline.com/common/oauth2/authorize HTTP/1.1" 200 945
INFO:root:No suitable token exists in cache. Let's get a new one from AAD.
DEBUG:urllib3.connectionpool:https://login.microsoftonline.com:443 "POST /30e49b93-c05c-4ea6-ab13-db51914b0e04/oauth2/v2.0/token HTTP/1.1" 200 1753
DEBUG:msal.token_cache:event={
    "client_id": "79a56c46-7111-41a1-a207-d45dffc589e5",
    "data": {
        "claims": null,
        "scope": [
            "https://graph.microsoft.com/.default"
        ]
    },
    "environment": "login.microsoftonline.com",
    "grant_type": "client_credentials",
    "params": null,
    "response": {
        "access_token": "********",
        "expires_in": 3598,
        "ext_expires_in": 3598,
        "token_type": "Bearer"
    },
    "scope": [
        "https://graph.microsoft.com/.default"
    ],
    "token_endpoint": "https://login.microsoftonline.com/30e49b93-c05c-4ea6-ab13-db51914b0e04/oauth2/v2.0/token"
}
DEBUG:urllib3.connectionpool:Starting new HTTPS connection (1): graph.microsoft.com:443
DEBUG:urllib3.connectionpool:https://graph.microsoft.com:443 "GET /beta/users/ HTTP/1.1" 200 1759
DEBUG:urllib3.connectionpool:Starting new HTTPS connection (1): graph.microsoft.com:443
DEBUG:urllib3.connectionpool:https://graph.microsoft.com:443 "GET /beta/users/e62ed98c-6fc0-480d-815b-2ed6a1455ea0/photo/$value HTTP/1.1" 200 101580
DEBUG:urllib3.connectionpool:Starting new HTTPS connection (1): graph.microsoft.com:443
DEBUG:urllib3.connectionpool:https://graph.microsoft.com:443 "GET /beta/users/d254eb8e-a679-4628-88e7-79f38715df29/photo/$value HTTP/1.1" 200 102368
DEBUG:urllib3.connectionpool:Starting new HTTPS connection (1): graph.microsoft.com:443
DEBUG:urllib3.connectionpool:https://graph.microsoft.com:443 "GET /beta/users/c2208200-4c55-4ecb-a63c-e1e65e06fda4/photo/$value HTTP/1.1" 200 101094
INFO:root:1609200367.1208801 | b'ahmadchaiban' | 5 |     0 | 0
INFO:root:1609200367.384733 | b'ahmadchaiban' | 5 |     0 | 0
INFO:root:1609200367.774824 | b'ahmadchaiban' | 15 |     1 | 1
INFO:root:1609200367.931797 | b'ahmadchaiban' | 15 |     1 | 1
INFO:root:1609200368.485875 | b'ahmadchaiban' | 15 |     1 | 1
INFO:root:1609200368.673774 | b'ahmadchaiban' | 15 |     1 | 1
INFO:root:1609200369.322443 | b'ahmadchaiban' | 25 |     1 | 1
INFO:root:1609200369.6531498 | b'ahmadchaiban' | 25 |     1 | 1
INFO:root:1609200370.23551 | b'ahmadchaiban' | 25 |     1 | 1
INFO:root:1609200370.578627 | b'ahmadchaiban' | 25 |     1 | 1
INFO:root:1609200371.396566 | b'ahmadchaiban' | 25 |     1 | 1
INFO:root:1609200371.9497669 | b'ahmadchaiban' | 25 |     1 | 1
INFO:root:1609200372.651519 | b'ahmadchaiban' | 25 |     1 | 1
INFO:root:1609200372.990335 | b'ahmadchaiban' | 25 |     1 | 1
INFO:root:1609200373.528748 | b'ahmadchaiban' | 25 |     1 | 1
INFO:root:1609200373.9390469 | b'ahmadchaiban' | 25 |     1 | 1
INFO:root:1609200374.6207948 | b'ahmadchaiban' | 25 |     1 | 1
INFO:root:1609200374.9324858 | b'ahmadchaiban' | 25 |     1 | 1
INFO:root:1609200375.5091789 | b'ahmadchaiban' | 5 |     0 | 0
INFO:root:1609200375.6797152 | b'ahmadchaiban' | 5 |     0 | 0
INFO:root:1609200376.120537 | b'ahmadchaiban' | 15 |     1 | 1
INFO:root:1609200376.304683 | b'ahmadchaiban' | 15 |     1 | 1
INFO:root:1609200376.749727 | b'ahmadchaiban' | 5 |     0 | 0
INFO:root:1609200376.923292 | b'ahmadchaiban' | 5 |     0 | 0
INFO:root:1609200377.362324 | b'ahmadchaiban' | 15 |     1 | 1
INFO:root:1609200377.527636 | b'ahmadchaiban' | 15 |     1 | 1
INFO:root:1609200377.930968 | b'ahmadchaiban' | 15 |     1 | 1
INFO:root:1609200378.072584 | b'ahmadchaiban' | 15 |     1 | 1
INFO:root:1609200378.5003679 | b'ahmadchaiban' | 15 |     1 | 1
INFO:root:1609200378.66078 | b'ahmadchaiban' | 15 |     1 | 1
INFO:root:1609200379.082806 | b'ahmadchaiban' | 15 |     1 | 1
INFO:root:1609200379.277046 | b'ahmadchaiban' | 15 |     1 | 1
INFO:root:1609200379.7588952 | b'ahmadchaiban' | 5 |     0 | 0
INFO:root:1609200379.9445262 | b'ahmadchaiban' | 5 |     0 | 0
INFO:root:1609200380.3420658 | b'ahmadchaiban' | 5 |     0 | 0
INFO:root:1609200380.497494 | b'ahmadchaiban' | 5 |     0 | 0
INFO:root:1609200380.88742 | b'ahmadchaiban' | 5 |     0 | 0
INFO:root:1609200381.0450182 | b'ahmadchaiban' | 5 |     0 | 0
INFO:root:1609200381.460133 | b'ahmadchaiban' | 5 |     0 | 0
INFO:root:1609200381.60625 | b'ahmadchaiban' | 5 |     0 | 0
INFO:root:1609200381.975179 | b'ahmadchaiban' | 5 |     0 | 0
INFO:root:1609200382.104351 | b'ahmadchaiban' | 5 |     0 | 0
INFO:root:1609200382.476932 | b'ahmadchaiban' | 5 |     0 | 0
INFO:root:1609200382.6256158 | b'ahmadchaiban' | 5 |     0 | 0
INFO:root:1609200382.9958751 | b'ahmadchaiban' | 5 |     0 | 0
INFO:root:1609200383.148343 | b'ahmadchaiban' | 5 |     0 | 0
INFO:root:1609200383.4953148 | b'ahmadchaiban' | 5 |     0 | 0
INFO:root:1609200383.6470442 | b'ahmadchaiban' | 5 |     0 | 0
INFO:root:1609200384.00249 | b'ahmadchaiban' | 5 |     0 | 0
INFO:root:1609200384.1467981 | b'ahmadchaiban' | 5 |     0 | 0
INFO:root:1609200384.495908 | b'ahmadchaiban' | 5 |     0 | 0
INFO:root:1609200384.6346931 | b'ahmadchaiban' | 5 |     0 | 0
INFO:root:1609200384.976678 | b'ahmadchaiban' | 5 |     0 | 0
INFO:root:1609200385.143571 | b'ahmadchaiban' | 5 |     0 | 0
INFO:root:1609200385.5348601 | b'ahmadchaiban' | 5 |     0 | 0
INFO:root:1609200385.672547 | b'ahmadchaiban' | 5 |     0 | 0
INFO:root:1609200386.057054 | b'ahmadchaiban' | 5 |     0 | 0
INFO:root:1609200386.2065349 | b'ahmadchaiban' | 5 |     0 | 0
INFO:root:1609200386.567282 | b'ahmadchaiban' | 5 |     0 | 0
INFO:root:1609200386.742825 | b'ahmadchaiban' | 5 |     0 | 0
INFO:root:1609200387.1320992 | b'ahmadchaiban' | 15 |     1 | 1
INFO:root:1609200387.279263 | b'ahmadchaiban' | 15 |     1 | 1
INFO:root:1609200387.6570618 | b'ahmadchaiban' | 15 |     1 | 1
DEBUG:urllib3.connectionpool:Starting new HTTPS connection (1): login.microsoftonline.com:443
DEBUG:urllib3.connectionpool:https://login.microsoftonline.com:443 "GET /30e49b93-c05c-4ea6-ab13-db51914b0e04/v2.0/.well-known/openid-configuration HTTP/1.1" 200 1651
DEBUG:msal.authority:openid_config = {'token_endpoint': 'https://login.microsoftonline.com/30e49b93-c05c-4ea6-ab13-db51914b0e04/oauth2/v2.0/token', 'token_endpoint_auth_methods_supported': ['client_secret_post', 'private_key_jwt', 'client_secret_basic'], 'jwks_uri': 'https://login.microsoftonline.com/30e49b93-c05c-4ea6-ab13-db51914b0e04/discovery/v2.0/keys', 'response_modes_supported': ['query', 'fragment', 'form_post'], 'subject_types_supported': ['pairwise'], 'id_token_signing_alg_values_supported': ['RS256'], 'response_types_supported': ['code', 'id_token', 'code id_token', 'id_token token'], 'scopes_supported': ['openid', 'profile', 'email', 'offline_access'], 'issuer': 'https://login.microsoftonline.com/30e49b93-c05c-4ea6-ab13-db51914b0e04/v2.0', 'request_uri_parameter_supported': False, 'userinfo_endpoint': 'https://graph.microsoft.com/oidc/userinfo', 'authorization_endpoint': 'https://login.microsoftonline.com/30e49b93-c05c-4ea6-ab13-db51914b0e04/oauth2/v2.0/authorize', 'device_authorization_endpoint': 'https://login.microsoftonline.com/30e49b93-c05c-4ea6-ab13-db51914b0e04/oauth2/v2.0/devicecode', 'http_logout_supported': True, 'frontchannel_logout_supported': True, 'end_session_endpoint': 'https://login.microsoftonline.com/30e49b93-c05c-4ea6-ab13-db51914b0e04/oauth2/v2.0/logout', 'claims_supported': ['sub', 'iss', 'cloud_instance_name', 'cloud_instance_host_name', 'cloud_graph_host_name', 'msgraph_host', 'aud', 'exp', 'iat', 'auth_time', 'acr', 'nonce', 'preferred_username', 'name', 'tid', 'ver', 'at_hash', 'c_hash', 'email'], 'tenant_region_scope': 'NA', 'cloud_instance_name': 'microsoftonline.com', 'cloud_graph_host_name': 'graph.windows.net', 'msgraph_host': 'graph.microsoft.com', 'rbac_url': 'https://pas.windows.net'}
DEBUG:msal.application:Found 0 RTs matching {'environment': 'login.microsoftonline.com', 'home_account_id': None, 'family_id': '1'}
DEBUG:msal.application:Found 0 RTs matching {'environment': 'login.microsoftonline.com', 'home_account_id': None, 'client_id': '79a56c46-7111-41a1-a207-d45dffc589e5'}
DEBUG:urllib3.connectionpool:https://login.microsoftonline.com:443 "GET /common/discovery/instance?api-version=1.1&authorization_endpoint=https://login.microsoftonline.com/common/oauth2/authorize HTTP/1.1" 200 945
INFO:root:No suitable token exists in cache. Let's get a new one from AAD.
DEBUG:urllib3.connectionpool:https://login.microsoftonline.com:443 "POST /30e49b93-c05c-4ea6-ab13-db51914b0e04/oauth2/v2.0/token HTTP/1.1" 200 1753
DEBUG:msal.token_cache:event={
    "client_id": "79a56c46-7111-41a1-a207-d45dffc589e5",
    "data": {
        "claims": null,
        "scope": [
            "https://graph.microsoft.com/.default"
        ]
    },
    "environment": "login.microsoftonline.com",
    "grant_type": "client_credentials",
    "params": null,
    "response": {
        "access_token": "********",
        "expires_in": 3597,
        "ext_expires_in": 3597,
        "token_type": "Bearer"
    },
    "scope": [
        "https://graph.microsoft.com/.default"
    ],
    "token_endpoint": "https://login.microsoftonline.com/30e49b93-c05c-4ea6-ab13-db51914b0e04/oauth2/v2.0/token"
}
DEBUG:urllib3.connectionpool:Starting new HTTPS connection (1): graph.microsoft.com:443
DEBUG:urllib3.connectionpool:https://graph.microsoft.com:443 "GET /beta/users/ HTTP/1.1" 200 1759
DEBUG:urllib3.connectionpool:Starting new HTTPS connection (1): graph.microsoft.com:443
DEBUG:urllib3.connectionpool:https://graph.microsoft.com:443 "GET /beta/users/e62ed98c-6fc0-480d-815b-2ed6a1455ea0/photo/$value HTTP/1.1" 200 101580
DEBUG:urllib3.connectionpool:Starting new HTTPS connection (1): graph.microsoft.com:443
DEBUG:urllib3.connectionpool:https://graph.microsoft.com:443 "GET /beta/users/d254eb8e-a679-4628-88e7-79f38715df29/photo/$value HTTP/1.1" 200 102368
DEBUG:urllib3.connectionpool:Starting new HTTPS connection (1): graph.microsoft.com:443
DEBUG:urllib3.connectionpool:https://graph.microsoft.com:443 "GET /beta/users/c2208200-4c55-4ecb-a63c-e1e65e06fda4/photo/$value HTTP/1.1" 200 101094
INFO:root:1609200483.479969 | b'ahmadchaiban' | 0 |     0 | 0
INFO:root:1609200483.634327 | b'ahmadchaiban' | 0 |     0 | 0
INFO:root:1609200483.986757 | b'ahmadchaiban' | 5 |     0 | 0
INFO:root:1609200484.235668 | b'ahmadchaiban' | 5 |     0 | 0
INFO:root:1609200484.6445062 | b'ahmadchaiban' | 25 |     1 | 1
INFO:root:1609200484.925072 | b'ahmadchaiban' | 25 |     1 | 1
INFO:root:1609200485.5115268 | b'ahmadchaiban' | 25 |     1 | 1
INFO:root:1609200485.83484 | b'ahmadchaiban' | 25 |     1 | 1
INFO:root:1609200486.3555331 | b'ahmadchaiban' | 25 |     1 | 1
INFO:root:1609200486.614752 | b'ahmadchaiban' | 25 |     1 | 1
INFO:root:1609200487.083574 | b'ahmadchaiban' | 5 |     0 | 0
INFO:root:1609200487.217001 | b'ahmadchaiban' | 5 |     0 | 0
INFO:root:1609200487.575285 | b'ahmadchaiban' | 5 |     0 | 0
INFO:root:1609200487.7179258 | b'ahmadchaiban' | 5 |     0 | 0
INFO:root:1609200488.1121652 | b'ahmadchaiban' | 25 |     1 | 1
INFO:root:1609200488.398582 | b'ahmadchaiban' | 25 |     1 | 1
INFO:root:1609200488.767761 | b'ahmadchaiban' | 5 |     0 | 0
INFO:root:1609200488.914094 | b'ahmadchaiban' | 5 |     0 | 0
INFO:root:1609200489.24784 | b'ahmadchaiban' | 5 |     0 | 0
INFO:root:1609200489.399887 | b'ahmadchaiban' | 5 |     0 | 0
INFO:root:1609200489.745116 | b'ahmadchaiban' | 5 |     0 | 0
INFO:root:1609200489.881888 | b'ahmadchaiban' | 5 |     0 | 0
INFO:root:1609200490.255595 | b'ahmadchaiban' | 25 |     1 | 1
INFO:root:1609200490.5106828 | b'ahmadchaiban' | 25 |     1 | 1
INFO:root:1609200491.006966 | b'ahmadchaiban' | 25 |     1 | 1
INFO:root:1609200491.2652779 | b'ahmadchaiban' | 25 |     1 | 1
INFO:root:1609200491.757814 | b'ahmadchaiban' | 25 |     1 | 1
INFO:root:1609200492.019549 | b'ahmadchaiban' | 25 |     1 | 1
INFO:root:1609200492.514755 | b'ahmadchaiban' | 25 |     1 | 1
INFO:root:1609200492.7827048 | b'ahmadchaiban' | 25 |     1 | 1
INFO:root:1609200493.2861812 | b'ahmadchaiban' | 25 |     1 | 1
INFO:root:1609200493.565407 | b'ahmadchaiban' | 25 |     1 | 1
INFO:root:1609200494.0311759 | b'ahmadchaiban' | 25 |     1 | 1
INFO:root:1609200494.278954 | b'ahmadchaiban' | 25 |     1 | 1
INFO:root:1609200494.7499142 | b'ahmadchaiban' | 25 |     1 | 1
INFO:root:1609200495.0088372 | b'ahmadchaiban' | 25 |     1 | 1
INFO:root:1609200495.4799721 | b'ahmadchaiban' | 25 |     1 | 1
INFO:root:1609200495.73963 | b'ahmadchaiban' | 25 |     1 | 1
INFO:root:1609200496.238264 | b'ahmadchaiban' | 25 |     1 | 1
INFO:root:1609200496.492021 | b'ahmadchaiban' | 25 |     1 | 1
INFO:root:1609200496.959098 | b'ahmadchaiban' | 25 |     1 | 1
INFO:root:1609200497.205633 | b'ahmadchaiban' | 25 |     1 | 1
INFO:root:1609200497.6821032 | b'ahmadchaiban' | 25 |     1 | 1
INFO:root:1609200497.929759 | b'ahmadchaiban' | 25 |     1 | 1
INFO:root:1609200498.402687 | b'ahmadchaiban' | 25 |     1 | 1
INFO:root:1609200498.653773 | b'ahmadchaiban' | 25 |     1 | 1
INFO:root:1609200499.121417 | b'ahmadchaiban' | 25 |     1 | 1
INFO:root:1609200499.385935 | b'ahmadchaiban' | 25 |     1 | 1
INFO:root:1609200499.902059 | b'ahmadchaiban' | 25 |     1 | 1
INFO:root:1609200500.1692019 | b'ahmadchaiban' | 25 |     1 | 1
INFO:root:1609200500.67486 | b'ahmadchaiban' | 25 |     1 | 1
INFO:root:1609200500.929211 | b'ahmadchaiban' | 25 |     1 | 1
INFO:root:1609200501.396954 | b'ahmadchaiban' | 25 |     1 | 1
INFO:root:1609200501.659664 | b'ahmadchaiban' | 25 |     1 | 1
INFO:root:1609200502.161758 | b'ahmadchaiban' | 25 |     1 | 1
INFO:root:1609200502.412801 | b'ahmadchaiban' | 25 |     1 | 1
INFO:root:1609200502.876847 | b'ahmadchaiban' | 25 |     1 | 1
INFO:root:1609200503.12556 | b'ahmadchaiban' | 25 |     1 | 1
INFO:root:1609200503.601661 | b'ahmadchaiban' | 25 |     1 | 1
INFO:root:1609200503.849539 | b'ahmadchaiban' | 25 |     1 | 1
INFO:root:1609200504.3285959 | b'ahmadchaiban' | 25 |     1 | 1
INFO:root:1609200504.623282 | b'ahmadchaiban' | 25 |     1 | 1
INFO:root:1609200505.115375 | b'ahmadchaiban' | 25 |     1 | 1
INFO:root:1609200505.376052 | b'ahmadchaiban' | 25 |     1 | 1
INFO:root:1609200505.882887 | b'ahmadchaiban' | 25 |     1 | 1
INFO:root:1609200506.1714969 | b'ahmadchaiban' | 25 |     1 | 1
INFO:root:1609200506.663006 | b'ahmadchaiban' | 25 |     1 | 1
INFO:root:1609200506.928892 | b'ahmadchaiban' | 25 |     1 | 1
INFO:root:1609200507.412106 | b'ahmadchaiban' | 25 |     1 | 1
INFO:root:1609200507.683459 | b'ahmadchaiban' | 25 |     1 | 1
INFO:root:1609200508.19192 | b'ahmadchaiban' | 25 |     1 | 1
INFO:root:1609200508.472115 | b'ahmadchaiban' | 25 |     1 | 1
INFO:root:1609200508.9521768 | b'ahmadchaiban' | 25 |     1 | 1
INFO:root:1609200509.23162 | b'ahmadchaiban' | 25 |     1 | 1
INFO:root:1609200509.738977 | b'ahmadchaiban' | 25 |     1 | 1
INFO:root:1609200509.9940622 | b'ahmadchaiban' | 25 |     1 | 1
INFO:root:1609200510.499588 | b'ahmadchaiban' | 25 |     1 | 1
INFO:root:1609200510.753611 | b'ahmadchaiban' | 25 |     1 | 1
INFO:root:1609200511.256861 | b'ahmadchaiban' | 25 |     1 | 1
INFO:root:1609200511.500988 | b'ahmadchaiban' | 25 |     1 | 1
INFO:root:1609200511.972808 | b'ahmadchaiban' | 25 |     1 | 1
INFO:root:1609200512.23044 | b'ahmadchaiban' | 25 |     1 | 1
INFO:root:1609200512.7449431 | b'ahmadchaiban' | 25 |     1 | 1
INFO:root:1609200513.017169 | b'ahmadchaiban' | 25 |     1 | 1
INFO:root:1609200513.516694 | b'ahmadchaiban' | 25 |     1 | 1
INFO:root:1609200513.781415 | b'ahmadchaiban' | 25 |     1 | 1
INFO:root:1609200514.327991 | b'ahmadchaiban' | 25 |     1 | 1
INFO:root:1609200514.601762 | b'ahmadchaiban' | 25 |     1 | 1
INFO:root:1609200515.109527 | b'ahmadchaiban' | 25 |     1 | 1
INFO:root:1609200515.4046621 | b'ahmadchaiban' | 25 |     1 | 1
INFO:root:1609200515.948663 | b'ahmadchaiban' | 25 |     1 | 1
INFO:root:1609200516.162272 | b'ahmadchaiban' | 25 |     1 | 1
INFO:root:1609200516.6974962 | b'ahmadchaiban' | 25 |     1 | 1
DEBUG:urllib3.connectionpool:Starting new HTTPS connection (1): login.microsoftonline.com:443
DEBUG:urllib3.connectionpool:https://login.microsoftonline.com:443 "GET /30e49b93-c05c-4ea6-ab13-db51914b0e04/v2.0/.well-known/openid-configuration HTTP/1.1" 200 1651
DEBUG:msal.authority:openid_config = {'token_endpoint': 'https://login.microsoftonline.com/30e49b93-c05c-4ea6-ab13-db51914b0e04/oauth2/v2.0/token', 'token_endpoint_auth_methods_supported': ['client_secret_post', 'private_key_jwt', 'client_secret_basic'], 'jwks_uri': 'https://login.microsoftonline.com/30e49b93-c05c-4ea6-ab13-db51914b0e04/discovery/v2.0/keys', 'response_modes_supported': ['query', 'fragment', 'form_post'], 'subject_types_supported': ['pairwise'], 'id_token_signing_alg_values_supported': ['RS256'], 'response_types_supported': ['code', 'id_token', 'code id_token', 'id_token token'], 'scopes_supported': ['openid', 'profile', 'email', 'offline_access'], 'issuer': 'https://login.microsoftonline.com/30e49b93-c05c-4ea6-ab13-db51914b0e04/v2.0', 'request_uri_parameter_supported': False, 'userinfo_endpoint': 'https://graph.microsoft.com/oidc/userinfo', 'authorization_endpoint': 'https://login.microsoftonline.com/30e49b93-c05c-4ea6-ab13-db51914b0e04/oauth2/v2.0/authorize', 'device_authorization_endpoint': 'https://login.microsoftonline.com/30e49b93-c05c-4ea6-ab13-db51914b0e04/oauth2/v2.0/devicecode', 'http_logout_supported': True, 'frontchannel_logout_supported': True, 'end_session_endpoint': 'https://login.microsoftonline.com/30e49b93-c05c-4ea6-ab13-db51914b0e04/oauth2/v2.0/logout', 'claims_supported': ['sub', 'iss', 'cloud_instance_name', 'cloud_instance_host_name', 'cloud_graph_host_name', 'msgraph_host', 'aud', 'exp', 'iat', 'auth_time', 'acr', 'nonce', 'preferred_username', 'name', 'tid', 'ver', 'at_hash', 'c_hash', 'email'], 'tenant_region_scope': 'NA', 'cloud_instance_name': 'microsoftonline.com', 'cloud_graph_host_name': 'graph.windows.net', 'msgraph_host': 'graph.microsoft.com', 'rbac_url': 'https://pas.windows.net'}
DEBUG:msal.application:Found 0 RTs matching {'environment': 'login.microsoftonline.com', 'home_account_id': None, 'family_id': '1'}
DEBUG:msal.application:Found 0 RTs matching {'environment': 'login.microsoftonline.com', 'home_account_id': None, 'client_id': '79a56c46-7111-41a1-a207-d45dffc589e5'}
DEBUG:urllib3.connectionpool:https://login.microsoftonline.com:443 "GET /common/discovery/instance?api-version=1.1&authorization_endpoint=https://login.microsoftonline.com/common/oauth2/authorize HTTP/1.1" 200 945
INFO:root:No suitable token exists in cache. Let's get a new one from AAD.
DEBUG:urllib3.connectionpool:https://login.microsoftonline.com:443 "POST /30e49b93-c05c-4ea6-ab13-db51914b0e04/oauth2/v2.0/token HTTP/1.1" 200 1753
DEBUG:msal.token_cache:event={
    "client_id": "79a56c46-7111-41a1-a207-d45dffc589e5",
    "data": {
        "claims": null,
        "scope": [
            "https://graph.microsoft.com/.default"
        ]
    },
    "environment": "login.microsoftonline.com",
    "grant_type": "client_credentials",
    "params": null,
    "response": {
        "access_token": "********",
        "expires_in": 3598,
        "ext_expires_in": 3598,
        "token_type": "Bearer"
    },
    "scope": [
        "https://graph.microsoft.com/.default"
    ],
    "token_endpoint": "https://login.microsoftonline.com/30e49b93-c05c-4ea6-ab13-db51914b0e04/oauth2/v2.0/token"
}
DEBUG:urllib3.connectionpool:Starting new HTTPS connection (1): graph.microsoft.com:443
DEBUG:urllib3.connectionpool:https://graph.microsoft.com:443 "GET /beta/users/ HTTP/1.1" 200 1759
DEBUG:urllib3.connectionpool:Starting new HTTPS connection (1): graph.microsoft.com:443
DEBUG:urllib3.connectionpool:https://graph.microsoft.com:443 "GET /beta/users/e62ed98c-6fc0-480d-815b-2ed6a1455ea0/photo/$value HTTP/1.1" 200 101580
DEBUG:urllib3.connectionpool:Starting new HTTPS connection (1): graph.microsoft.com:443
DEBUG:urllib3.connectionpool:https://graph.microsoft.com:443 "GET /beta/users/d254eb8e-a679-4628-88e7-79f38715df29/photo/$value HTTP/1.1" 200 102368
DEBUG:urllib3.connectionpool:Starting new HTTPS connection (1): graph.microsoft.com:443
DEBUG:urllib3.connectionpool:https://graph.microsoft.com:443 "GET /beta/users/c2208200-4c55-4ecb-a63c-e1e65e06fda4/photo/$value HTTP/1.1" 200 101094
INFO:root:1609200682.221484 | b'ahmadchaiban' | 0 |         0 | 0
INFO:root:1609200682.7835011 | b'ahmadchaiban' | 15 |         0 | 1
INFO:root:1609200683.38972 | b'ahmadchaiban' | 5 |         1 | 0
INFO:root:1609200683.959451 | b'ahmadchaiban' | 15 |         0 | 1
INFO:root:1609200684.500337 | b'ahmadchaiban' | 5 |         1 | 0
INFO:root:1609200685.1679099 | b'ahmadchaiban' | 15 |         0 | 1
INFO:root:1609200685.976099 | b'ahmadchaiban' | 25 |         0 | 1
INFO:root:1609200686.855368 | b'ahmadchaiban' | 15 |         0 | 1
INFO:root:1609200687.507593 | b'ahmadchaiban' | 25 |         0 | 1
INFO:root:1609200688.2349691 | b'ahmadchaiban' | 25 |         0 | 1
INFO:root:1609200688.951127 | b'ahmadchaiban' | 25 |         0 | 1
INFO:root:1609200689.712974 | b'ahmadchaiban' | 25 |         0 | 1
INFO:root:1609200690.423444 | b'ahmadchaiban' | 25 |         0 | 1
INFO:root:1609200691.138079 | b'ahmadchaiban' | 15 |         0 | 1
INFO:root:1609200691.83147 | b'ahmadchaiban' | 25 |         0 | 1
INFO:root:1609200692.6042502 | b'ahmadchaiban' | 25 |         0 | 1
INFO:root:1609200693.3803232 | b'ahmadchaiban' | 25 |         0 | 1
INFO:root:1609200694.175453 | b'ahmadchaiban' | 25 |         0 | 1
INFO:root:1609200694.9384909 | b'ahmadchaiban' | 25 |         0 | 1
INFO:root:1609200695.709484 | b'ahmadchaiban' | 25 |         0 | 1
INFO:root:1609200696.569361 | b'ahmadchaiban' | 25 |         0 | 1
INFO:root:1609200697.3987331 | b'ahmadchaiban' | 25 |         0 | 1
INFO:root:1609200698.144908 | b'ahmadchaiban' | 25 |         0 | 1
INFO:root:1609200698.853549 | b'ahmadchaiban' | 25 |         0 | 1
INFO:root:1609200699.628683 | b'ahmadchaiban' | 25 |         0 | 1
INFO:root:1609200700.369698 | b'ahmadchaiban' | 25 |         0 | 1
INFO:root:1609200701.127851 | b'ahmadchaiban' | 25 |         0 | 1
INFO:root:1609200701.922103 | b'ahmadchaiban' | 25 |         0 | 1
INFO:root:1609200702.6443362 | b'ahmadchaiban' | 15 |         0 | 1
INFO:root:1609200703.16046 | b'ahmadchaiban' | 25 |         0 | 1
DEBUG:urllib3.connectionpool:Starting new HTTPS connection (1): login.microsoftonline.com:443
DEBUG:urllib3.connectionpool:https://login.microsoftonline.com:443 "GET /30e49b93-c05c-4ea6-ab13-db51914b0e04/v2.0/.well-known/openid-configuration HTTP/1.1" 200 1651
DEBUG:msal.authority:openid_config = {'token_endpoint': 'https://login.microsoftonline.com/30e49b93-c05c-4ea6-ab13-db51914b0e04/oauth2/v2.0/token', 'token_endpoint_auth_methods_supported': ['client_secret_post', 'private_key_jwt', 'client_secret_basic'], 'jwks_uri': 'https://login.microsoftonline.com/30e49b93-c05c-4ea6-ab13-db51914b0e04/discovery/v2.0/keys', 'response_modes_supported': ['query', 'fragment', 'form_post'], 'subject_types_supported': ['pairwise'], 'id_token_signing_alg_values_supported': ['RS256'], 'response_types_supported': ['code', 'id_token', 'code id_token', 'id_token token'], 'scopes_supported': ['openid', 'profile', 'email', 'offline_access'], 'issuer': 'https://login.microsoftonline.com/30e49b93-c05c-4ea6-ab13-db51914b0e04/v2.0', 'request_uri_parameter_supported': False, 'userinfo_endpoint': 'https://graph.microsoft.com/oidc/userinfo', 'authorization_endpoint': 'https://login.microsoftonline.com/30e49b93-c05c-4ea6-ab13-db51914b0e04/oauth2/v2.0/authorize', 'device_authorization_endpoint': 'https://login.microsoftonline.com/30e49b93-c05c-4ea6-ab13-db51914b0e04/oauth2/v2.0/devicecode', 'http_logout_supported': True, 'frontchannel_logout_supported': True, 'end_session_endpoint': 'https://login.microsoftonline.com/30e49b93-c05c-4ea6-ab13-db51914b0e04/oauth2/v2.0/logout', 'claims_supported': ['sub', 'iss', 'cloud_instance_name', 'cloud_instance_host_name', 'cloud_graph_host_name', 'msgraph_host', 'aud', 'exp', 'iat', 'auth_time', 'acr', 'nonce', 'preferred_username', 'name', 'tid', 'ver', 'at_hash', 'c_hash', 'email'], 'tenant_region_scope': 'NA', 'cloud_instance_name': 'microsoftonline.com', 'cloud_graph_host_name': 'graph.windows.net', 'msgraph_host': 'graph.microsoft.com', 'rbac_url': 'https://pas.windows.net'}
DEBUG:msal.application:Found 0 RTs matching {'environment': 'login.microsoftonline.com', 'home_account_id': None, 'family_id': '1'}
DEBUG:msal.application:Found 0 RTs matching {'environment': 'login.microsoftonline.com', 'home_account_id': None, 'client_id': '79a56c46-7111-41a1-a207-d45dffc589e5'}
DEBUG:urllib3.connectionpool:https://login.microsoftonline.com:443 "GET /common/discovery/instance?api-version=1.1&authorization_endpoint=https://login.microsoftonline.com/common/oauth2/authorize HTTP/1.1" 200 945
INFO:root:No suitable token exists in cache. Let's get a new one from AAD.
DEBUG:urllib3.connectionpool:https://login.microsoftonline.com:443 "POST /30e49b93-c05c-4ea6-ab13-db51914b0e04/oauth2/v2.0/token HTTP/1.1" 200 1753
DEBUG:msal.token_cache:event={
    "client_id": "79a56c46-7111-41a1-a207-d45dffc589e5",
    "data": {
        "claims": null,
        "scope": [
            "https://graph.microsoft.com/.default"
        ]
    },
    "environment": "login.microsoftonline.com",
    "grant_type": "client_credentials",
    "params": null,
    "response": {
        "access_token": "********",
        "expires_in": 3598,
        "ext_expires_in": 3598,
        "token_type": "Bearer"
    },
    "scope": [
        "https://graph.microsoft.com/.default"
    ],
    "token_endpoint": "https://login.microsoftonline.com/30e49b93-c05c-4ea6-ab13-db51914b0e04/oauth2/v2.0/token"
}
DEBUG:urllib3.connectionpool:Starting new HTTPS connection (1): graph.microsoft.com:443
DEBUG:urllib3.connectionpool:https://graph.microsoft.com:443 "GET /beta/users/ HTTP/1.1" 200 1759
DEBUG:urllib3.connectionpool:Starting new HTTPS connection (1): graph.microsoft.com:443
DEBUG:urllib3.connectionpool:https://graph.microsoft.com:443 "GET /beta/users/e62ed98c-6fc0-480d-815b-2ed6a1455ea0/photo/$value HTTP/1.1" 200 101580
DEBUG:urllib3.connectionpool:Starting new HTTPS connection (1): graph.microsoft.com:443
DEBUG:urllib3.connectionpool:https://graph.microsoft.com:443 "GET /beta/users/d254eb8e-a679-4628-88e7-79f38715df29/photo/$value HTTP/1.1" 200 102368
DEBUG:urllib3.connectionpool:Starting new HTTPS connection (1): graph.microsoft.com:443
DEBUG:urllib3.connectionpool:https://graph.microsoft.com:443 "GET /beta/users/c2208200-4c55-4ecb-a63c-e1e65e06fda4/photo/$value HTTP/1.1" 200 101094
INFO:root:1609200780.167734 | b'ahmadchaiban' | 0 |         0 | 0
INFO:root:1609200780.7019808 | b'ahmadchaiban' | 15 |         0 | 1
INFO:root:1609200781.43604 | b'ahmadchaiban' | 25 |         0 | 1
INFO:root:1609200782.028385 | b'ahmadchaiban' | 15 |         0 | 1
INFO:root:1609200782.772844 | b'ahmadchaiban' | 15 |         0 | 1
INFO:root:1609200783.496628 | b'ahmadchaiban' | 25 |         0 | 1
INFO:root:1609200784.3001568 | b'ahmadchaiban' | 25 |         0 | 1
INFO:root:1609200785.014949 | b'ahmadchaiban' | 25 |         0 | 1
INFO:root:1609200785.740104 | b'ahmadchaiban' | 25 |         0 | 1
INFO:root:1609200786.346427 | b'ahmadchaiban' | 25 |         0 | 1
INFO:root:1609200787.100251 | b'ahmadchaiban' | 25 |         0 | 1
INFO:root:1609200787.828355 | b'ahmadchaiban' | 25 |         0 | 1
INFO:root:1609200788.594136 | b'ahmadchaiban' | 25 |         0 | 1
INFO:root:1609200789.4094799 | b'ahmadchaiban' | 25 |         0 | 1
INFO:root:1609200790.031969 | b'ahmadchaiban' | 15 |         0 | 1
INFO:root:1609200790.6652749 | b'ahmadchaiban' | 25 |         0 | 1
INFO:root:1609200791.438965 | b'ahmadchaiban' | 25 |         0 | 1
INFO:root:1609200792.109973 | b'ahmadchaiban' | 25 |         0 | 1
INFO:root:1609200792.831163 | b'ahmadchaiban' | 25 |         0 | 1
INFO:root:1609200793.6207192 | b'ahmadchaiban' | 25 |         0 | 1
INFO:root:1609200794.344686 | b'ahmadchaiban' | 25 |         0 | 1
INFO:root:1609200795.099458 | b'ahmadchaiban' | 25 |         0 | 1
INFO:root:1609200795.8710022 | b'ahmadchaiban' | 25 |         0 | 1
INFO:root:1609200796.677886 | b'ahmadchaiban' | 25 |         0 | 1
INFO:root:1609200797.416375 | b'ahmadchaiban' | 15 |         0 | 1
